abr. 28, 2020 12:07:25 DA TARDE de.gurkenlabs.utiliti.swing.dialogs.SpritesheetImportPanel updatePreview
WARNING: The sprite file 'frankmars-walk-right1' cannot be scaled correctly for the preview window. Please check if the image file's dimensions are divisible by the desired sprite dimensions without remainder.
java.lang.IllegalArgumentException: Invalid sprite dimensions (frankmars-walk-right1-preview)! Sprite height must to be greater than 0.
	at de.gurkenlabs.litiengine.graphics.Spritesheet.checkDimension(Spritesheet.java:213)
	at de.gurkenlabs.litiengine.graphics.Spritesheet.checkHeight(Spritesheet.java:208)
	at de.gurkenlabs.litiengine.graphics.Spritesheet.<init>(Spritesheet.java:49)
	at de.gurkenlabs.utiliti.swing.dialogs.SpritesheetImportPanel.updatePreview(SpritesheetImportPanel.java:330)
	at de.gurkenlabs.utiliti.swing.dialogs.SpritesheetImportPanel.lambda$new$0(SpritesheetImportPanel.java:126)
	at java.desktop/javax.swing.DefaultListSelectionModel.fireValueChanged(DefaultListSelectionModel.java:219)
	at java.desktop/javax.swing.DefaultListSelectionModel.fireValueChanged(DefaultListSelectionModel.java:199)
	at java.desktop/javax.swing.DefaultListSelectionModel.fireValueChanged(DefaultListSelectionModel.java:246)
	at java.desktop/javax.swing.DefaultListSelectionModel.changeSelection(DefaultListSelectionModel.java:443)
	at java.desktop/javax.swing.DefaultListSelectionModel.changeSelection(DefaultListSelectionModel.java:453)
	at java.desktop/javax.swing.DefaultListSelectionModel.setSelectionInterval(DefaultListSelectionModel.java:497)
	at java.desktop/javax.swing.JList.setSelectedIndex(JList.java:2205)
	at de.gurkenlabs.utiliti.swing.dialogs.SpritesheetImportPanel.initModel(SpritesheetImportPanel.java:316)
	at de.gurkenlabs.utiliti.swing.dialogs.SpritesheetImportPanel.<init>(SpritesheetImportPanel.java:92)
	at de.gurkenlabs.utiliti.swing.AssetPanelItem.lambda$new$3(AssetPanelItem.java:218)
	at java.desktop/javax.swing.AbstractButton.fireActionPerformed(AbstractButton.java:1967)
	at java.desktop/javax.swing.AbstractButton$Handler.actionPerformed(AbstractButton.java:2308)
	at java.desktop/javax.swing.DefaultButtonModel.fireActionPerformed(DefaultButtonModel.java:405)
	at java.desktop/javax.swing.DefaultButtonModel.setPressed(DefaultButtonModel.java:262)
	at java.desktop/javax.swing.plaf.basic.BasicButtonListener.mouseReleased(BasicButtonListener.java:279)
	at java.desktop/java.awt.AWTEventMulticaster.mouseReleased(AWTEventMulticaster.java:297)
	at java.desktop/java.awt.Component.processMouseEvent(Component.java:6636)
	at java.desktop/javax.swing.JComponent.processMouseEvent(JComponent.java:3342)
	at java.desktop/java.awt.Component.processEvent(Component.java:6401)
	at java.desktop/java.awt.Container.processEvent(Container.java:2263)
	at java.desktop/java.awt.Component.dispatchEventImpl(Component.java:5012)
	at java.desktop/java.awt.Container.dispatchEventImpl(Container.java:2321)
	at java.desktop/java.awt.Component.dispatchEvent(Component.java:4844)
	at java.desktop/java.awt.LightweightDispatcher.retargetMouseEvent(Container.java:4919)
	at java.desktop/java.awt.LightweightDispatcher.processMouseEvent(Container.java:4548)
	at java.desktop/java.awt.LightweightDispatcher.dispatchEvent(Container.java:4489)
	at java.desktop/java.awt.Container.dispatchEventImpl(Container.java:2307)
	at java.desktop/java.awt.Window.dispatchEventImpl(Window.java:2764)
	at java.desktop/java.awt.Component.dispatchEvent(Component.java:4844)
	at java.desktop/java.awt.EventQueue.dispatchEventImpl(EventQueue.java:772)
	at java.desktop/java.awt.EventQueue$4.run(EventQueue.java:721)
	at java.desktop/java.awt.EventQueue$4.run(EventQueue.java:715)
	at java.base/java.security.AccessController.doPrivileged(AccessController.java:391)
	at java.base/java.security.ProtectionDomain$JavaSecurityAccessImpl.doIntersectionPrivilege(ProtectionDomain.java:85)
	at java.base/java.security.ProtectionDomain$JavaSecurityAccessImpl.doIntersectionPrivilege(ProtectionDomain.java:95)
	at java.desktop/java.awt.EventQueue$5.run(EventQueue.java:745)
	at java.desktop/java.awt.EventQueue$5.run(EventQueue.java:743)
	at java.base/java.security.AccessController.doPrivileged(AccessController.java:391)
	at java.base/java.security.ProtectionDomain$JavaSecurityAccessImpl.doIntersectionPrivilege(ProtectionDomain.java:85)
	at java.desktop/java.awt.EventQueue.dispatchEvent(EventQueue.java:742)
	at java.desktop/java.awt.EventDispatchThread.pumpOneEventForFilters(EventDispatchThread.java:203)
	at java.desktop/java.awt.EventDispatchThread.pumpEventsForFilter(EventDispatchThread.java:124)
	at java.desktop/java.awt.EventDispatchThread.pumpEventsForHierarchy(EventDispatchThread.java:113)
	at java.desktop/java.awt.EventDispatchThread.pumpEvents(EventDispatchThread.java:109)
	at java.desktop/java.awt.EventDispatchThread.pumpEvents(EventDispatchThread.java:101)
	at java.desktop/java.awt.EventDispatchThread.run(EventDispatchThread.java:90)

abr. 28, 2020 12:12:43 DA TARDE de.gurkenlabs.utiliti.swing.dialogs.SpritesheetImportPanel updatePreview
WARNING: The sprite file 'frankmars-walk-right' cannot be scaled correctly for the preview window. Please check if the image file's dimensions are divisible by the desired sprite dimensions without remainder.
java.lang.IllegalArgumentException: Invalid sprite dimensions (frankmars-walk-right-preview)! Sprite height must to be greater than 0.
	at de.gurkenlabs.litiengine.graphics.Spritesheet.checkDimension(Spritesheet.java:213)
	at de.gurkenlabs.litiengine.graphics.Spritesheet.checkHeight(Spritesheet.java:208)
	at de.gurkenlabs.litiengine.graphics.Spritesheet.<init>(Spritesheet.java:49)
	at de.gurkenlabs.utiliti.swing.dialogs.SpritesheetImportPanel.updatePreview(SpritesheetImportPanel.java:330)
	at de.gurkenlabs.utiliti.swing.dialogs.SpritesheetImportPanel.lambda$new$0(SpritesheetImportPanel.java:126)
	at java.desktop/javax.swing.DefaultListSelectionModel.fireValueChanged(DefaultListSelectionModel.java:219)
	at java.desktop/javax.swing.DefaultListSelectionModel.fireValueChanged(DefaultListSelectionModel.java:199)
	at java.desktop/javax.swing.DefaultListSelectionModel.fireValueChanged(DefaultListSelectionModel.java:246)
	at java.desktop/javax.swing.DefaultListSelectionModel.changeSelection(DefaultListSelectionModel.java:443)
	at java.desktop/javax.swing.DefaultListSelectionModel.changeSelection(DefaultListSelectionModel.java:453)
	at java.desktop/javax.swing.DefaultListSelectionModel.setSelectionInterval(DefaultListSelectionModel.java:497)
	at java.desktop/javax.swing.JList.setSelectedIndex(JList.java:2205)
	at de.gurkenlabs.utiliti.swing.dialogs.SpritesheetImportPanel.initModel(SpritesheetImportPanel.java:316)
	at de.gurkenlabs.utiliti.swing.dialogs.SpritesheetImportPanel.<init>(SpritesheetImportPanel.java:82)
	at de.gurkenlabs.utiliti.components.Editor.importSpriteSheets(Editor.java:448)
	at de.gurkenlabs.utiliti.components.Editor.importSpriteSheets(Editor.java:377)
	at de.gurkenlabs.utiliti.swing.menus.ResourcesMenu.lambda$new$2(ResourcesMenu.java:30)
	at java.desktop/javax.swing.AbstractButton.fireActionPerformed(AbstractButton.java:1967)
	at java.desktop/javax.swing.AbstractButton$Handler.actionPerformed(AbstractButton.java:2308)
	at java.desktop/javax.swing.DefaultButtonModel.fireActionPerformed(DefaultButtonModel.java:405)
	at java.desktop/javax.swing.DefaultButtonModel.setPressed(DefaultButtonModel.java:262)
	at java.desktop/javax.swing.AbstractButton.doClick(AbstractButton.java:369)
	at java.desktop/javax.swing.plaf.basic.BasicMenuItemUI.doClick(BasicMenuItemUI.java:1020)
	at java.desktop/javax.swing.plaf.basic.BasicMenuItemUI$Handler.mouseReleased(BasicMenuItemUI.java:1064)
	at java.desktop/java.awt.Component.processMouseEvent(Component.java:6636)
	at java.desktop/javax.swing.JComponent.processMouseEvent(JComponent.java:3342)
	at java.desktop/java.awt.Component.processEvent(Component.java:6401)
	at java.desktop/java.awt.Container.processEvent(Container.java:2263)
	at java.desktop/java.awt.Component.dispatchEventImpl(Component.java:5012)
	at java.desktop/java.awt.Container.dispatchEventImpl(Container.java:2321)
	at java.desktop/java.awt.Component.dispatchEvent(Component.java:4844)
	at java.desktop/java.awt.LightweightDispatcher.retargetMouseEvent(Container.java:4919)
	at java.desktop/java.awt.LightweightDispatcher.processMouseEvent(Container.java:4548)
	at java.desktop/java.awt.LightweightDispatcher.dispatchEvent(Container.java:4489)
	at java.desktop/java.awt.Container.dispatchEventImpl(Container.java:2307)
	at java.desktop/java.awt.Window.dispatchEventImpl(Window.java:2764)
	at java.desktop/java.awt.Component.dispatchEvent(Component.java:4844)
	at java.desktop/java.awt.EventQueue.dispatchEventImpl(EventQueue.java:772)
	at java.desktop/java.awt.EventQueue$4.run(EventQueue.java:721)
	at java.desktop/java.awt.EventQueue$4.run(EventQueue.java:715)
	at java.base/java.security.AccessController.doPrivileged(AccessController.java:391)
	at java.base/java.security.ProtectionDomain$JavaSecurityAccessImpl.doIntersectionPrivilege(ProtectionDomain.java:85)
	at java.base/java.security.ProtectionDomain$JavaSecurityAccessImpl.doIntersectionPrivilege(ProtectionDomain.java:95)
	at java.desktop/java.awt.EventQueue$5.run(EventQueue.java:745)
	at java.desktop/java.awt.EventQueue$5.run(EventQueue.java:743)
	at java.base/java.security.AccessController.doPrivileged(AccessController.java:391)
	at java.base/java.security.ProtectionDomain$JavaSecurityAccessImpl.doIntersectionPrivilege(ProtectionDomain.java:85)
	at java.desktop/java.awt.EventQueue.dispatchEvent(EventQueue.java:742)
	at java.desktop/java.awt.EventDispatchThread.pumpOneEventForFilters(EventDispatchThread.java:203)
	at java.desktop/java.awt.EventDispatchThread.pumpEventsForFilter(EventDispatchThread.java:124)
	at java.desktop/java.awt.EventDispatchThread.pumpEventsForHierarchy(EventDispatchThread.java:113)
	at java.desktop/java.awt.EventDispatchThread.pumpEvents(EventDispatchThread.java:109)
	at java.desktop/java.awt.EventDispatchThread.pumpEvents(EventDispatchThread.java:101)
	at java.desktop/java.awt.EventDispatchThread.run(EventDispatchThread.java:90)

abr. 28, 2020 12:13:04 DA TARDE de.gurkenlabs.utiliti.swing.dialogs.SpritesheetImportPanel updatePreview
WARNING: The sprite file 'frankmars-walk-right' cannot be scaled correctly for the preview window. Please check if the image file's dimensions are divisible by the desired sprite dimensions without remainder.
java.lang.IllegalArgumentException: Invalid sprite dimensions (frankmars-walk-right-preview)! Sprite height must to be greater than 0.
	at de.gurkenlabs.litiengine.graphics.Spritesheet.checkDimension(Spritesheet.java:213)
	at de.gurkenlabs.litiengine.graphics.Spritesheet.checkHeight(Spritesheet.java:208)
	at de.gurkenlabs.litiengine.graphics.Spritesheet.<init>(Spritesheet.java:49)
	at de.gurkenlabs.utiliti.swing.dialogs.SpritesheetImportPanel.updatePreview(SpritesheetImportPanel.java:330)
	at de.gurkenlabs.utiliti.swing.dialogs.SpritesheetImportPanel.lambda$new$1(SpritesheetImportPanel.java:160)
	at java.desktop/javax.swing.JSpinner.fireStateChanged(JSpinner.java:461)
	at java.desktop/javax.swing.JSpinner$ModelListener.stateChanged(JSpinner.java:388)
	at java.desktop/javax.swing.AbstractSpinnerModel.fireStateChanged(AbstractSpinnerModel.java:120)
	at java.desktop/javax.swing.SpinnerNumberModel.setValue(SpinnerNumberModel.java:460)
	at java.desktop/javax.swing.JSpinner.setValue(JSpinner.java:355)
	at java.desktop/javax.swing.JSpinner$DefaultEditor.propertyChange(JSpinner.java:754)
	at java.desktop/java.beans.PropertyChangeSupport.fire(PropertyChangeSupport.java:341)
	at java.desktop/java.beans.PropertyChangeSupport.firePropertyChange(PropertyChangeSupport.java:333)
	at java.desktop/java.beans.PropertyChangeSupport.firePropertyChange(PropertyChangeSupport.java:266)
	at java.desktop/java.awt.Component.firePropertyChange(Component.java:8732)
	at java.desktop/javax.swing.JFormattedTextField.setValue(JFormattedTextField.java:807)
	at java.desktop/javax.swing.JFormattedTextField.commitEdit(JFormattedTextField.java:539)
	at java.desktop/javax.swing.JFormattedTextField$FocusLostHandler.run(JFormattedTextField.java:657)
	at java.desktop/javax.swing.JFormattedTextField.processFocusEvent(JFormattedTextField.java:639)
	at java.desktop/java.awt.Component.processEvent(Component.java:6392)
	at java.desktop/java.awt.Container.processEvent(Container.java:2263)
	at java.desktop/java.awt.Component.dispatchEventImpl(Component.java:5012)
	at java.desktop/java.awt.Container.dispatchEventImpl(Container.java:2321)
	at java.desktop/java.awt.Component.dispatchEvent(Component.java:4844)
	at java.desktop/java.awt.KeyboardFocusManager.redispatchEvent(KeyboardFocusManager.java:1950)
	at java.desktop/java.awt.DefaultKeyboardFocusManager.typeAheadAssertions(DefaultKeyboardFocusManager.java:1059)
	at java.desktop/java.awt.DefaultKeyboardFocusManager.dispatchEvent(DefaultKeyboardFocusManager.java:725)
	at java.desktop/java.awt.Component.dispatchEventImpl(Component.java:4893)
	at java.desktop/java.awt.Container.dispatchEventImpl(Container.java:2321)
	at java.desktop/java.awt.Component.dispatchEvent(Component.java:4844)
	at java.desktop/java.awt.EventQueue.dispatchEventImpl(EventQueue.java:772)
	at java.desktop/java.awt.EventQueue$4.run(EventQueue.java:721)
	at java.desktop/java.awt.EventQueue$4.run(EventQueue.java:715)
	at java.base/java.security.AccessController.doPrivileged(AccessController.java:391)
	at java.base/java.security.ProtectionDomain$JavaSecurityAccessImpl.doIntersectionPrivilege(ProtectionDomain.java:85)
	at java.base/java.security.ProtectionDomain$JavaSecurityAccessImpl.doIntersectionPrivilege(ProtectionDomain.java:95)
	at java.desktop/java.awt.EventQueue$5.run(EventQueue.java:745)
	at java.desktop/java.awt.EventQueue$5.run(EventQueue.java:743)
	at java.base/java.security.AccessController.doPrivileged(AccessController.java:391)
	at java.base/java.security.ProtectionDomain$JavaSecurityAccessImpl.doIntersectionPrivilege(ProtectionDomain.java:85)
	at java.desktop/java.awt.EventQueue.dispatchEvent(EventQueue.java:742)
	at java.desktop/java.awt.EventDispatchThread.pumpOneEventForFilters(EventDispatchThread.java:203)
	at java.desktop/java.awt.EventDispatchThread.pumpEventsForFilter(EventDispatchThread.java:124)
	at java.desktop/java.awt.EventDispatchThread.pumpEventsForFilter(EventDispatchThread.java:117)
	at java.desktop/java.awt.WaitDispatchSupport$2.run(WaitDispatchSupport.java:190)
	at java.desktop/java.awt.WaitDispatchSupport$4.run(WaitDispatchSupport.java:235)
	at java.desktop/java.awt.WaitDispatchSupport$4.run(WaitDispatchSupport.java:233)
	at java.base/java.security.AccessController.doPrivileged(AccessController.java:312)
	at java.desktop/java.awt.WaitDispatchSupport.enter(WaitDispatchSupport.java:233)
	at java.desktop/java.awt.Dialog.show(Dialog.java:1070)
	at java.desktop/javax.swing.JOptionPane.showOptionDialog(JOptionPane.java:874)
	at java.desktop/javax.swing.JOptionPane.showConfirmDialog(JOptionPane.java:799)
	at java.desktop/javax.swing.JOptionPane.showConfirmDialog(JOptionPane.java:761)
	at de.gurkenlabs.utiliti.components.Editor.processSpritesheets(Editor.java:472)
	at de.gurkenlabs.utiliti.components.Editor.importSpriteSheets(Editor.java:449)
	at de.gurkenlabs.utiliti.components.Editor.importSpriteSheets(Editor.java:377)
	at de.gurkenlabs.utiliti.swing.menus.ResourcesMenu.lambda$new$2(ResourcesMenu.java:30)
	at java.desktop/javax.swing.AbstractButton.fireActionPerformed(AbstractButton.java:1967)
	at java.desktop/javax.swing.AbstractButton$Handler.actionPerformed(AbstractButton.java:2308)
	at java.desktop/javax.swing.DefaultButtonModel.fireActionPerformed(DefaultButtonModel.java:405)
	at java.desktop/javax.swing.DefaultButtonModel.setPressed(DefaultButtonModel.java:262)
	at java.desktop/javax.swing.AbstractButton.doClick(AbstractButton.java:369)
	at java.desktop/javax.swing.plaf.basic.BasicMenuItemUI.doClick(BasicMenuItemUI.java:1020)
	at java.desktop/javax.swing.plaf.basic.BasicMenuItemUI$Handler.mouseReleased(BasicMenuItemUI.java:1064)
	at java.desktop/java.awt.Component.processMouseEvent(Component.java:6636)
	at java.desktop/javax.swing.JComponent.processMouseEvent(JComponent.java:3342)
	at java.desktop/java.awt.Component.processEvent(Component.java:6401)
	at java.desktop/java.awt.Container.processEvent(Container.java:2263)
	at java.desktop/java.awt.Component.dispatchEventImpl(Component.java:5012)
	at java.desktop/java.awt.Container.dispatchEventImpl(Container.java:2321)
	at java.desktop/java.awt.Component.dispatchEvent(Component.java:4844)
	at java.desktop/java.awt.LightweightDispatcher.retargetMouseEvent(Container.java:4919)
	at java.desktop/java.awt.LightweightDispatcher.processMouseEvent(Container.java:4548)
	at java.desktop/java.awt.LightweightDispatcher.dispatchEvent(Container.java:4489)
	at java.desktop/java.awt.Container.dispatchEventImpl(Container.java:2307)
	at java.desktop/java.awt.Window.dispatchEventImpl(Window.java:2764)
	at java.desktop/java.awt.Component.dispatchEvent(Component.java:4844)
	at java.desktop/java.awt.EventQueue.dispatchEventImpl(EventQueue.java:772)
	at java.desktop/java.awt.EventQueue$4.run(EventQueue.java:721)
	at java.desktop/java.awt.EventQueue$4.run(EventQueue.java:715)
	at java.base/java.security.AccessController.doPrivileged(AccessController.java:391)
	at java.base/java.security.ProtectionDomain$JavaSecurityAccessImpl.doIntersectionPrivilege(ProtectionDomain.java:85)
	at java.base/java.security.ProtectionDomain$JavaSecurityAccessImpl.doIntersectionPrivilege(ProtectionDomain.java:95)
	at java.desktop/java.awt.EventQueue$5.run(EventQueue.java:745)
	at java.desktop/java.awt.EventQueue$5.run(EventQueue.java:743)
	at java.base/java.security.AccessController.doPrivileged(AccessController.java:391)
	at java.base/java.security.ProtectionDomain$JavaSecurityAccessImpl.doIntersectionPrivilege(ProtectionDomain.java:85)
	at java.desktop/java.awt.EventQueue.dispatchEvent(EventQueue.java:742)
	at java.desktop/java.awt.EventDispatchThread.pumpOneEventForFilters(EventDispatchThread.java:203)
	at java.desktop/java.awt.EventDispatchThread.pumpEventsForFilter(EventDispatchThread.java:124)
	at java.desktop/java.awt.EventDispatchThread.pumpEventsForHierarchy(EventDispatchThread.java:113)
	at java.desktop/java.awt.EventDispatchThread.pumpEvents(EventDispatchThread.java:109)
	at java.desktop/java.awt.EventDispatchThread.pumpEvents(EventDispatchThread.java:101)
	at java.desktop/java.awt.EventDispatchThread.run(EventDispatchThread.java:90)

abr. 28, 2020 12:13:16 DA TARDE de.gurkenlabs.utiliti.swing.dialogs.SpritesheetImportPanel updatePreview
WARNING: The sprite file 'frankmars-walk-right' cannot be scaled correctly for the preview window. Please check if the image file's dimensions are divisible by the desired sprite dimensions without remainder.
java.lang.IllegalArgumentException: Invalid sprite dimensions (frankmars-walk-right-preview)! Sprite height must to be greater than 0.
	at de.gurkenlabs.litiengine.graphics.Spritesheet.checkDimension(Spritesheet.java:213)
	at de.gurkenlabs.litiengine.graphics.Spritesheet.checkHeight(Spritesheet.java:208)
	at de.gurkenlabs.litiengine.graphics.Spritesheet.<init>(Spritesheet.java:49)
	at de.gurkenlabs.utiliti.swing.dialogs.SpritesheetImportPanel.updatePreview(SpritesheetImportPanel.java:330)
	at de.gurkenlabs.utiliti.swing.dialogs.SpritesheetImportPanel.lambda$new$0(SpritesheetImportPanel.java:126)
	at java.desktop/javax.swing.DefaultListSelectionModel.fireValueChanged(DefaultListSelectionModel.java:219)
	at java.desktop/javax.swing.DefaultListSelectionModel.fireValueChanged(DefaultListSelectionModel.java:199)
	at java.desktop/javax.swing.DefaultListSelectionModel.fireValueChanged(DefaultListSelectionModel.java:246)
	at java.desktop/javax.swing.DefaultListSelectionModel.changeSelection(DefaultListSelectionModel.java:443)
	at java.desktop/javax.swing.DefaultListSelectionModel.changeSelection(DefaultListSelectionModel.java:453)
	at java.desktop/javax.swing.DefaultListSelectionModel.setSelectionInterval(DefaultListSelectionModel.java:497)
	at java.desktop/javax.swing.JList.setSelectedIndex(JList.java:2205)
	at de.gurkenlabs.utiliti.swing.dialogs.SpritesheetImportPanel.initModel(SpritesheetImportPanel.java:316)
	at de.gurkenlabs.utiliti.swing.dialogs.SpritesheetImportPanel.<init>(SpritesheetImportPanel.java:92)
	at de.gurkenlabs.utiliti.swing.AssetPanelItem.lambda$new$3(AssetPanelItem.java:218)
	at java.desktop/javax.swing.AbstractButton.fireActionPerformed(AbstractButton.java:1967)
	at java.desktop/javax.swing.AbstractButton$Handler.actionPerformed(AbstractButton.java:2308)
	at java.desktop/javax.swing.DefaultButtonModel.fireActionPerformed(DefaultButtonModel.java:405)
	at java.desktop/javax.swing.DefaultButtonModel.setPressed(DefaultButtonModel.java:262)
	at java.desktop/javax.swing.plaf.basic.BasicButtonListener.mouseReleased(BasicButtonListener.java:279)
	at java.desktop/java.awt.AWTEventMulticaster.mouseReleased(AWTEventMulticaster.java:297)
	at java.desktop/java.awt.Component.processMouseEvent(Component.java:6636)
	at java.desktop/javax.swing.JComponent.processMouseEvent(JComponent.java:3342)
	at java.desktop/java.awt.Component.processEvent(Component.java:6401)
	at java.desktop/java.awt.Container.processEvent(Container.java:2263)
	at java.desktop/java.awt.Component.dispatchEventImpl(Component.java:5012)
	at java.desktop/java.awt.Container.dispatchEventImpl(Container.java:2321)
	at java.desktop/java.awt.Component.dispatchEvent(Component.java:4844)
	at java.desktop/java.awt.LightweightDispatcher.retargetMouseEvent(Container.java:4919)
	at java.desktop/java.awt.LightweightDispatcher.processMouseEvent(Container.java:4548)
	at java.desktop/java.awt.LightweightDispatcher.dispatchEvent(Container.java:4489)
	at java.desktop/java.awt.Container.dispatchEventImpl(Container.java:2307)
	at java.desktop/java.awt.Window.dispatchEventImpl(Window.java:2764)
	at java.desktop/java.awt.Component.dispatchEvent(Component.java:4844)
	at java.desktop/java.awt.EventQueue.dispatchEventImpl(EventQueue.java:772)
	at java.desktop/java.awt.EventQueue$4.run(EventQueue.java:721)
	at java.desktop/java.awt.EventQueue$4.run(EventQueue.java:715)
	at java.base/java.security.AccessController.doPrivileged(AccessController.java:391)
	at java.base/java.security.ProtectionDomain$JavaSecurityAccessImpl.doIntersectionPrivilege(ProtectionDomain.java:85)
	at java.base/java.security.ProtectionDomain$JavaSecurityAccessImpl.doIntersectionPrivilege(ProtectionDomain.java:95)
	at java.desktop/java.awt.EventQueue$5.run(EventQueue.java:745)
	at java.desktop/java.awt.EventQueue$5.run(EventQueue.java:743)
	at java.base/java.security.AccessController.doPrivileged(AccessController.java:391)
	at java.base/java.security.ProtectionDomain$JavaSecurityAccessImpl.doIntersectionPrivilege(ProtectionDomain.java:85)
	at java.desktop/java.awt.EventQueue.dispatchEvent(EventQueue.java:742)
	at java.desktop/java.awt.EventDispatchThread.pumpOneEventForFilters(EventDispatchThread.java:203)
	at java.desktop/java.awt.EventDispatchThread.pumpEventsForFilter(EventDispatchThread.java:124)
	at java.desktop/java.awt.EventDispatchThread.pumpEventsForHierarchy(EventDispatchThread.java:113)
	at java.desktop/java.awt.EventDispatchThread.pumpEvents(EventDispatchThread.java:109)
	at java.desktop/java.awt.EventDispatchThread.pumpEvents(EventDispatchThread.java:101)
	at java.desktop/java.awt.EventDispatchThread.run(EventDispatchThread.java:90)

abr. 28, 2020 12:13:38 DA TARDE de.gurkenlabs.litiengine.environment.tilemap.xml.TmxMap checkVersion
WARNING: Tiled version 1.3.4 of map "forest" is greater than the supported version 1.2.x. Some features may not work.
abr. 28, 2020 12:14:00 DA TARDE de.gurkenlabs.utiliti.swing.dialogs.SpritesheetImportPanel updatePreview
WARNING: The sprite file 'frankmars-idle-right' cannot be scaled correctly for the preview window. Please check if the image file's dimensions are divisible by the desired sprite dimensions without remainder.
java.lang.IllegalArgumentException: Invalid sprite dimensions (frankmars-idle-right-preview)! Sprite height must to be greater than 0.
	at de.gurkenlabs.litiengine.graphics.Spritesheet.checkDimension(Spritesheet.java:213)
	at de.gurkenlabs.litiengine.graphics.Spritesheet.checkHeight(Spritesheet.java:208)
	at de.gurkenlabs.litiengine.graphics.Spritesheet.<init>(Spritesheet.java:49)
	at de.gurkenlabs.utiliti.swing.dialogs.SpritesheetImportPanel.updatePreview(SpritesheetImportPanel.java:330)
	at de.gurkenlabs.utiliti.swing.dialogs.SpritesheetImportPanel.lambda$new$0(SpritesheetImportPanel.java:126)
	at java.desktop/javax.swing.DefaultListSelectionModel.fireValueChanged(DefaultListSelectionModel.java:219)
	at java.desktop/javax.swing.DefaultListSelectionModel.fireValueChanged(DefaultListSelectionModel.java:199)
	at java.desktop/javax.swing.DefaultListSelectionModel.fireValueChanged(DefaultListSelectionModel.java:246)
	at java.desktop/javax.swing.DefaultListSelectionModel.changeSelection(DefaultListSelectionModel.java:443)
	at java.desktop/javax.swing.DefaultListSelectionModel.changeSelection(DefaultListSelectionModel.java:453)
	at java.desktop/javax.swing.DefaultListSelectionModel.setSelectionInterval(DefaultListSelectionModel.java:497)
	at java.desktop/javax.swing.JList.setSelectedIndex(JList.java:2205)
	at de.gurkenlabs.utiliti.swing.dialogs.SpritesheetImportPanel.initModel(SpritesheetImportPanel.java:316)
	at de.gurkenlabs.utiliti.swing.dialogs.SpritesheetImportPanel.<init>(SpritesheetImportPanel.java:82)
	at de.gurkenlabs.utiliti.components.Editor.importSpriteSheets(Editor.java:448)
	at de.gurkenlabs.utiliti.components.Editor.importSpriteSheets(Editor.java:377)
	at de.gurkenlabs.utiliti.swing.menus.ResourcesMenu.lambda$new$2(ResourcesMenu.java:30)
	at java.desktop/javax.swing.AbstractButton.fireActionPerformed(AbstractButton.java:1967)
	at java.desktop/javax.swing.AbstractButton$Handler.actionPerformed(AbstractButton.java:2308)
	at java.desktop/javax.swing.DefaultButtonModel.fireActionPerformed(DefaultButtonModel.java:405)
	at java.desktop/javax.swing.DefaultButtonModel.setPressed(DefaultButtonModel.java:262)
	at java.desktop/javax.swing.AbstractButton.doClick(AbstractButton.java:369)
	at java.desktop/javax.swing.plaf.basic.BasicMenuItemUI.doClick(BasicMenuItemUI.java:1020)
	at java.desktop/javax.swing.plaf.basic.BasicMenuItemUI$Handler.mouseReleased(BasicMenuItemUI.java:1064)
	at java.desktop/java.awt.Component.processMouseEvent(Component.java:6636)
	at java.desktop/javax.swing.JComponent.processMouseEvent(JComponent.java:3342)
	at java.desktop/java.awt.Component.processEvent(Component.java:6401)
	at java.desktop/java.awt.Container.processEvent(Container.java:2263)
	at java.desktop/java.awt.Component.dispatchEventImpl(Component.java:5012)
	at java.desktop/java.awt.Container.dispatchEventImpl(Container.java:2321)
	at java.desktop/java.awt.Component.dispatchEvent(Component.java:4844)
	at java.desktop/java.awt.LightweightDispatcher.retargetMouseEvent(Container.java:4919)
	at java.desktop/java.awt.LightweightDispatcher.processMouseEvent(Container.java:4548)
	at java.desktop/java.awt.LightweightDispatcher.dispatchEvent(Container.java:4489)
	at java.desktop/java.awt.Container.dispatchEventImpl(Container.java:2307)
	at java.desktop/java.awt.Window.dispatchEventImpl(Window.java:2764)
	at java.desktop/java.awt.Component.dispatchEvent(Component.java:4844)
	at java.desktop/java.awt.EventQueue.dispatchEventImpl(EventQueue.java:772)
	at java.desktop/java.awt.EventQueue$4.run(EventQueue.java:721)
	at java.desktop/java.awt.EventQueue$4.run(EventQueue.java:715)
	at java.base/java.security.AccessController.doPrivileged(AccessController.java:391)
	at java.base/java.security.ProtectionDomain$JavaSecurityAccessImpl.doIntersectionPrivilege(ProtectionDomain.java:85)
	at java.base/java.security.ProtectionDomain$JavaSecurityAccessImpl.doIntersectionPrivilege(ProtectionDomain.java:95)
	at java.desktop/java.awt.EventQueue$5.run(EventQueue.java:745)
	at java.desktop/java.awt.EventQueue$5.run(EventQueue.java:743)
	at java.base/java.security.AccessController.doPrivileged(AccessController.java:391)
	at java.base/java.security.ProtectionDomain$JavaSecurityAccessImpl.doIntersectionPrivilege(ProtectionDomain.java:85)
	at java.desktop/java.awt.EventQueue.dispatchEvent(EventQueue.java:742)
	at java.desktop/java.awt.EventDispatchThread.pumpOneEventForFilters(EventDispatchThread.java:203)
	at java.desktop/java.awt.EventDispatchThread.pumpEventsForFilter(EventDispatchThread.java:124)
	at java.desktop/java.awt.EventDispatchThread.pumpEventsForHierarchy(EventDispatchThread.java:113)
	at java.desktop/java.awt.EventDispatchThread.pumpEvents(EventDispatchThread.java:109)
	at java.desktop/java.awt.EventDispatchThread.pumpEvents(EventDispatchThread.java:101)
	at java.desktop/java.awt.EventDispatchThread.run(EventDispatchThread.java:90)

abr. 28, 2020 12:14:09 DA TARDE de.gurkenlabs.utiliti.swing.dialogs.SpritesheetImportPanel updatePreview
WARNING: The sprite file 'frankmars-walk-right' cannot be scaled correctly for the preview window. Please check if the image file's dimensions are divisible by the desired sprite dimensions without remainder.
java.lang.IllegalArgumentException: Invalid sprite dimensions (frankmars-walk-right-preview)! Sprite height must to be greater than 0.
	at de.gurkenlabs.litiengine.graphics.Spritesheet.checkDimension(Spritesheet.java:213)
	at de.gurkenlabs.litiengine.graphics.Spritesheet.checkHeight(Spritesheet.java:208)
	at de.gurkenlabs.litiengine.graphics.Spritesheet.<init>(Spritesheet.java:49)
	at de.gurkenlabs.utiliti.swing.dialogs.SpritesheetImportPanel.updatePreview(SpritesheetImportPanel.java:330)
	at de.gurkenlabs.utiliti.swing.dialogs.SpritesheetImportPanel.lambda$new$0(SpritesheetImportPanel.java:126)
	at java.desktop/javax.swing.DefaultListSelectionModel.fireValueChanged(DefaultListSelectionModel.java:219)
	at java.desktop/javax.swing.DefaultListSelectionModel.fireValueChanged(DefaultListSelectionModel.java:199)
	at java.desktop/javax.swing.DefaultListSelectionModel.fireValueChanged(DefaultListSelectionModel.java:246)
	at java.desktop/javax.swing.DefaultListSelectionModel.changeSelection(DefaultListSelectionModel.java:443)
	at java.desktop/javax.swing.DefaultListSelectionModel.changeSelection(DefaultListSelectionModel.java:453)
	at java.desktop/javax.swing.DefaultListSelectionModel.setSelectionInterval(DefaultListSelectionModel.java:497)
	at java.desktop/javax.swing.JList.setSelectedIndex(JList.java:2205)
	at de.gurkenlabs.utiliti.swing.dialogs.SpritesheetImportPanel.initModel(SpritesheetImportPanel.java:316)
	at de.gurkenlabs.utiliti.swing.dialogs.SpritesheetImportPanel.<init>(SpritesheetImportPanel.java:82)
	at de.gurkenlabs.utiliti.components.Editor.importSpriteSheets(Editor.java:448)
	at de.gurkenlabs.utiliti.components.Editor.importSpriteSheets(Editor.java:377)
	at de.gurkenlabs.utiliti.swing.menus.ResourcesMenu.lambda$new$2(ResourcesMenu.java:30)
	at java.desktop/javax.swing.AbstractButton.fireActionPerformed(AbstractButton.java:1967)
	at java.desktop/javax.swing.AbstractButton$Handler.actionPerformed(AbstractButton.java:2308)
	at java.desktop/javax.swing.DefaultButtonModel.fireActionPerformed(DefaultButtonModel.java:405)
	at java.desktop/javax.swing.DefaultButtonModel.setPressed(DefaultButtonModel.java:262)
	at java.desktop/javax.swing.AbstractButton.doClick(AbstractButton.java:369)
	at java.desktop/javax.swing.plaf.basic.BasicMenuItemUI.doClick(BasicMenuItemUI.java:1020)
	at java.desktop/javax.swing.plaf.basic.BasicMenuItemUI$Handler.mouseReleased(BasicMenuItemUI.java:1064)
	at java.desktop/java.awt.Component.processMouseEvent(Component.java:6636)
	at java.desktop/javax.swing.JComponent.processMouseEvent(JComponent.java:3342)
	at java.desktop/java.awt.Component.processEvent(Component.java:6401)
	at java.desktop/java.awt.Container.processEvent(Container.java:2263)
	at java.desktop/java.awt.Component.dispatchEventImpl(Component.java:5012)
	at java.desktop/java.awt.Container.dispatchEventImpl(Container.java:2321)
	at java.desktop/java.awt.Component.dispatchEvent(Component.java:4844)
	at java.desktop/java.awt.LightweightDispatcher.retargetMouseEvent(Container.java:4919)
	at java.desktop/java.awt.LightweightDispatcher.processMouseEvent(Container.java:4548)
	at java.desktop/java.awt.LightweightDispatcher.dispatchEvent(Container.java:4489)
	at java.desktop/java.awt.Container.dispatchEventImpl(Container.java:2307)
	at java.desktop/java.awt.Window.dispatchEventImpl(Window.java:2764)
	at java.desktop/java.awt.Component.dispatchEvent(Component.java:4844)
	at java.desktop/java.awt.EventQueue.dispatchEventImpl(EventQueue.java:772)
	at java.desktop/java.awt.EventQueue$4.run(EventQueue.java:721)
	at java.desktop/java.awt.EventQueue$4.run(EventQueue.java:715)
	at java.base/java.security.AccessController.doPrivileged(AccessController.java:391)
	at java.base/java.security.ProtectionDomain$JavaSecurityAccessImpl.doIntersectionPrivilege(ProtectionDomain.java:85)
	at java.base/java.security.ProtectionDomain$JavaSecurityAccessImpl.doIntersectionPrivilege(ProtectionDomain.java:95)
	at java.desktop/java.awt.EventQueue$5.run(EventQueue.java:745)
	at java.desktop/java.awt.EventQueue$5.run(EventQueue.java:743)
	at java.base/java.security.AccessController.doPrivileged(AccessController.java:391)
	at java.base/java.security.ProtectionDomain$JavaSecurityAccessImpl.doIntersectionPrivilege(ProtectionDomain.java:85)
	at java.desktop/java.awt.EventQueue.dispatchEvent(EventQueue.java:742)
	at java.desktop/java.awt.EventDispatchThread.pumpOneEventForFilters(EventDispatchThread.java:203)
	at java.desktop/java.awt.EventDispatchThread.pumpEventsForFilter(EventDispatchThread.java:124)
	at java.desktop/java.awt.EventDispatchThread.pumpEventsForHierarchy(EventDispatchThread.java:113)
	at java.desktop/java.awt.EventDispatchThread.pumpEvents(EventDispatchThread.java:109)
	at java.desktop/java.awt.EventDispatchThread.pumpEvents(EventDispatchThread.java:101)
	at java.desktop/java.awt.EventDispatchThread.run(EventDispatchThread.java:90)

abr. 28, 2020 12:14:16 DA TARDE de.gurkenlabs.utiliti.swing.dialogs.SpritesheetImportPanel updatePreview
WARNING: The sprite file 'frankmars-walk-right' cannot be scaled correctly for the preview window. Please check if the image file's dimensions are divisible by the desired sprite dimensions without remainder.
java.lang.IllegalArgumentException: Invalid sprite dimensions (frankmars-walk-right-preview)! Sprite height must to be greater than 0.
	at de.gurkenlabs.litiengine.graphics.Spritesheet.checkDimension(Spritesheet.java:213)
	at de.gurkenlabs.litiengine.graphics.Spritesheet.checkHeight(Spritesheet.java:208)
	at de.gurkenlabs.litiengine.graphics.Spritesheet.<init>(Spritesheet.java:49)
	at de.gurkenlabs.utiliti.swing.dialogs.SpritesheetImportPanel.updatePreview(SpritesheetImportPanel.java:330)
	at de.gurkenlabs.utiliti.swing.dialogs.SpritesheetImportPanel.lambda$new$1(SpritesheetImportPanel.java:160)
	at java.desktop/javax.swing.JSpinner.fireStateChanged(JSpinner.java:461)
	at java.desktop/javax.swing.JSpinner$ModelListener.stateChanged(JSpinner.java:388)
	at java.desktop/javax.swing.AbstractSpinnerModel.fireStateChanged(AbstractSpinnerModel.java:120)
	at java.desktop/javax.swing.SpinnerNumberModel.setValue(SpinnerNumberModel.java:460)
	at java.desktop/javax.swing.JSpinner.setValue(JSpinner.java:355)
	at java.desktop/javax.swing.JSpinner$DefaultEditor.propertyChange(JSpinner.java:754)
	at java.desktop/java.beans.PropertyChangeSupport.fire(PropertyChangeSupport.java:341)
	at java.desktop/java.beans.PropertyChangeSupport.firePropertyChange(PropertyChangeSupport.java:333)
	at java.desktop/java.beans.PropertyChangeSupport.firePropertyChange(PropertyChangeSupport.java:266)
	at java.desktop/java.awt.Component.firePropertyChange(Component.java:8732)
	at java.desktop/javax.swing.JFormattedTextField.setValue(JFormattedTextField.java:807)
	at java.desktop/javax.swing.JFormattedTextField.commitEdit(JFormattedTextField.java:539)
	at java.desktop/javax.swing.JFormattedTextField$FocusLostHandler.run(JFormattedTextField.java:657)
	at java.desktop/javax.swing.JFormattedTextField.processFocusEvent(JFormattedTextField.java:639)
	at java.desktop/java.awt.Component.processEvent(Component.java:6392)
	at java.desktop/java.awt.Container.processEvent(Container.java:2263)
	at java.desktop/java.awt.Component.dispatchEventImpl(Component.java:5012)
	at java.desktop/java.awt.Container.dispatchEventImpl(Container.java:2321)
	at java.desktop/java.awt.Component.dispatchEvent(Component.java:4844)
	at java.desktop/java.awt.KeyboardFocusManager.redispatchEvent(KeyboardFocusManager.java:1950)
	at java.desktop/java.awt.DefaultKeyboardFocusManager.typeAheadAssertions(DefaultKeyboardFocusManager.java:1059)
	at java.desktop/java.awt.DefaultKeyboardFocusManager.dispatchEvent(DefaultKeyboardFocusManager.java:725)
	at java.desktop/java.awt.Component.dispatchEventImpl(Component.java:4893)
	at java.desktop/java.awt.Container.dispatchEventImpl(Container.java:2321)
	at java.desktop/java.awt.Component.dispatchEvent(Component.java:4844)
	at java.desktop/java.awt.EventQueue.dispatchEventImpl(EventQueue.java:772)
	at java.desktop/java.awt.EventQueue$4.run(EventQueue.java:721)
	at java.desktop/java.awt.EventQueue$4.run(EventQueue.java:715)
	at java.base/java.security.AccessController.doPrivileged(AccessController.java:391)
	at java.base/java.security.ProtectionDomain$JavaSecurityAccessImpl.doIntersectionPrivilege(ProtectionDomain.java:85)
	at java.base/java.security.ProtectionDomain$JavaSecurityAccessImpl.doIntersectionPrivilege(ProtectionDomain.java:95)
	at java.desktop/java.awt.EventQueue$5.run(EventQueue.java:745)
	at java.desktop/java.awt.EventQueue$5.run(EventQueue.java:743)
	at java.base/java.security.AccessController.doPrivileged(AccessController.java:391)
	at java.base/java.security.ProtectionDomain$JavaSecurityAccessImpl.doIntersectionPrivilege(ProtectionDomain.java:85)
	at java.desktop/java.awt.EventQueue.dispatchEvent(EventQueue.java:742)
	at java.desktop/java.awt.EventDispatchThread.pumpOneEventForFilters(EventDispatchThread.java:203)
	at java.desktop/java.awt.EventDispatchThread.pumpEventsForFilter(EventDispatchThread.java:124)
	at java.desktop/java.awt.EventDispatchThread.pumpEventsForFilter(EventDispatchThread.java:117)
	at java.desktop/java.awt.WaitDispatchSupport$2.run(WaitDispatchSupport.java:190)
	at java.desktop/java.awt.WaitDispatchSupport$4.run(WaitDispatchSupport.java:235)
	at java.desktop/java.awt.WaitDispatchSupport$4.run(WaitDispatchSupport.java:233)
	at java.base/java.security.AccessController.doPrivileged(AccessController.java:312)
	at java.desktop/java.awt.WaitDispatchSupport.enter(WaitDispatchSupport.java:233)
	at java.desktop/java.awt.Dialog.show(Dialog.java:1070)
	at java.desktop/javax.swing.JOptionPane.showOptionDialog(JOptionPane.java:874)
	at java.desktop/javax.swing.JOptionPane.showConfirmDialog(JOptionPane.java:799)
	at java.desktop/javax.swing.JOptionPane.showConfirmDialog(JOptionPane.java:761)
	at de.gurkenlabs.utiliti.components.Editor.processSpritesheets(Editor.java:472)
	at de.gurkenlabs.utiliti.components.Editor.importSpriteSheets(Editor.java:449)
	at de.gurkenlabs.utiliti.components.Editor.importSpriteSheets(Editor.java:377)
	at de.gurkenlabs.utiliti.swing.menus.ResourcesMenu.lambda$new$2(ResourcesMenu.java:30)
	at java.desktop/javax.swing.AbstractButton.fireActionPerformed(AbstractButton.java:1967)
	at java.desktop/javax.swing.AbstractButton$Handler.actionPerformed(AbstractButton.java:2308)
	at java.desktop/javax.swing.DefaultButtonModel.fireActionPerformed(DefaultButtonModel.java:405)
	at java.desktop/javax.swing.DefaultButtonModel.setPressed(DefaultButtonModel.java:262)
	at java.desktop/javax.swing.AbstractButton.doClick(AbstractButton.java:369)
	at java.desktop/javax.swing.plaf.basic.BasicMenuItemUI.doClick(BasicMenuItemUI.java:1020)
	at java.desktop/javax.swing.plaf.basic.BasicMenuItemUI$Handler.mouseReleased(BasicMenuItemUI.java:1064)
	at java.desktop/java.awt.Component.processMouseEvent(Component.java:6636)
	at java.desktop/javax.swing.JComponent.processMouseEvent(JComponent.java:3342)
	at java.desktop/java.awt.Component.processEvent(Component.java:6401)
	at java.desktop/java.awt.Container.processEvent(Container.java:2263)
	at java.desktop/java.awt.Component.dispatchEventImpl(Component.java:5012)
	at java.desktop/java.awt.Container.dispatchEventImpl(Container.java:2321)
	at java.desktop/java.awt.Component.dispatchEvent(Component.java:4844)
	at java.desktop/java.awt.LightweightDispatcher.retargetMouseEvent(Container.java:4919)
	at java.desktop/java.awt.LightweightDispatcher.processMouseEvent(Container.java:4548)
	at java.desktop/java.awt.LightweightDispatcher.dispatchEvent(Container.java:4489)
	at java.desktop/java.awt.Container.dispatchEventImpl(Container.java:2307)
	at java.desktop/java.awt.Window.dispatchEventImpl(Window.java:2764)
	at java.desktop/java.awt.Component.dispatchEvent(Component.java:4844)
	at java.desktop/java.awt.EventQueue.dispatchEventImpl(EventQueue.java:772)
	at java.desktop/java.awt.EventQueue$4.run(EventQueue.java:721)
	at java.desktop/java.awt.EventQueue$4.run(EventQueue.java:715)
	at java.base/java.security.AccessController.doPrivileged(AccessController.java:391)
	at java.base/java.security.ProtectionDomain$JavaSecurityAccessImpl.doIntersectionPrivilege(ProtectionDomain.java:85)
	at java.base/java.security.ProtectionDomain$JavaSecurityAccessImpl.doIntersectionPrivilege(ProtectionDomain.java:95)
	at java.desktop/java.awt.EventQueue$5.run(EventQueue.java:745)
	at java.desktop/java.awt.EventQueue$5.run(EventQueue.java:743)
	at java.base/java.security.AccessController.doPrivileged(AccessController.java:391)
	at java.base/java.security.ProtectionDomain$JavaSecurityAccessImpl.doIntersectionPrivilege(ProtectionDomain.java:85)
	at java.desktop/java.awt.EventQueue.dispatchEvent(EventQueue.java:742)
	at java.desktop/java.awt.EventDispatchThread.pumpOneEventForFilters(EventDispatchThread.java:203)
	at java.desktop/java.awt.EventDispatchThread.pumpEventsForFilter(EventDispatchThread.java:124)
	at java.desktop/java.awt.EventDispatchThread.pumpEventsForHierarchy(EventDispatchThread.java:113)
	at java.desktop/java.awt.EventDispatchThread.pumpEvents(EventDispatchThread.java:109)
	at java.desktop/java.awt.EventDispatchThread.pumpEvents(EventDispatchThread.java:101)
	at java.desktop/java.awt.EventDispatchThread.run(EventDispatchThread.java:90)

