abr 17, 2020 1:01:11 AM de.gurkenlabs.litiengine.DefaultUncaughtExceptionHandler uncaughtException
SEVERE: Game crashed! :(
de.gurkenlabs.litiengine.resources.ResourceLoadException: javax.imageio.IIOException: Can't get input stream from URL!
	at de.gurkenlabs.litiengine.resources.ResourcesContainer.loadResource(ResourcesContainer.java:391)
	at java.util.concurrent.ConcurrentHashMap.computeIfAbsent(Unknown Source)
	at de.gurkenlabs.litiengine.resources.ResourcesContainer.get(ResourcesContainer.java:273)
	at de.gurkenlabs.litiengine.resources.ResourcesContainer.get(ResourcesContainer.java:207)
	at lieb.revoice.festival.Program.main(Program.java:27)
Caused by: javax.imageio.IIOException: Can't get input stream from URL!
	at javax.imageio.ImageIO.read(Unknown Source)
	at de.gurkenlabs.litiengine.resources.Images.load(Images.java:49)
	at de.gurkenlabs.litiengine.resources.Images.load(Images.java:12)
	at de.gurkenlabs.litiengine.resources.ResourcesContainer.loadResource(ResourcesContainer.java:389)
	... 4 more
Caused by: java.io.FileNotFoundException: C:\Users\Ricardo\source\repos\lieb-revoice-festival\lieb-revoice-festival\icon.png (O sistema não conseguiu localizar o ficheiro especificado)
	at java.io.FileInputStream.open0(Native Method)
	at java.io.FileInputStream.open(Unknown Source)
	at java.io.FileInputStream.<init>(Unknown Source)
	at java.io.FileInputStream.<init>(Unknown Source)
	at sun.net.www.protocol.file.FileURLConnection.connect(Unknown Source)
	at sun.net.www.protocol.file.FileURLConnection.getInputStream(Unknown Source)
	at java.net.URL.openStream(Unknown Source)
	... 8 more

abr 17, 2020 1:02:23 AM de.gurkenlabs.litiengine.DefaultUncaughtExceptionHandler uncaughtException
SEVERE: Game crashed! :(
de.gurkenlabs.litiengine.resources.ResourceLoadException: javax.imageio.IIOException: Can't get input stream from URL!
	at de.gurkenlabs.litiengine.resources.ResourcesContainer.loadResource(ResourcesContainer.java:391)
	at java.util.concurrent.ConcurrentHashMap.computeIfAbsent(Unknown Source)
	at de.gurkenlabs.litiengine.resources.ResourcesContainer.get(ResourcesContainer.java:273)
	at de.gurkenlabs.litiengine.resources.ResourcesContainer.get(ResourcesContainer.java:207)
	at lieb.revoice.festival.Program.main(Program.java:26)
Caused by: javax.imageio.IIOException: Can't get input stream from URL!
	at javax.imageio.ImageIO.read(Unknown Source)
	at de.gurkenlabs.litiengine.resources.Images.load(Images.java:49)
	at de.gurkenlabs.litiengine.resources.Images.load(Images.java:12)
	at de.gurkenlabs.litiengine.resources.ResourcesContainer.loadResource(ResourcesContainer.java:389)
	... 4 more
Caused by: java.io.FileNotFoundException: C:\Users\Ricardo\source\repos\lieb-revoice-festival\lieb-revoice-festival\icon.png (O sistema não conseguiu localizar o ficheiro especificado)
	at java.io.FileInputStream.open0(Native Method)
	at java.io.FileInputStream.open(Unknown Source)
	at java.io.FileInputStream.<init>(Unknown Source)
	at java.io.FileInputStream.<init>(Unknown Source)
	at sun.net.www.protocol.file.FileURLConnection.connect(Unknown Source)
	at sun.net.www.protocol.file.FileURLConnection.getInputStream(Unknown Source)
	at java.net.URL.openStream(Unknown Source)
	... 8 more

abr 17, 2020 1:04:56 AM de.gurkenlabs.litiengine.DefaultUncaughtExceptionHandler uncaughtException
SEVERE: Game crashed! :(
de.gurkenlabs.litiengine.resources.ResourceLoadException: javax.imageio.IIOException: Can't get input stream from URL!
	at de.gurkenlabs.litiengine.resources.ResourcesContainer.loadResource(ResourcesContainer.java:391)
	at java.util.concurrent.ConcurrentHashMap.computeIfAbsent(Unknown Source)
	at de.gurkenlabs.litiengine.resources.ResourcesContainer.get(ResourcesContainer.java:273)
	at de.gurkenlabs.litiengine.resources.ResourcesContainer.get(ResourcesContainer.java:207)
	at lieb.revoice.festival.Program.main(Program.java:26)
Caused by: javax.imageio.IIOException: Can't get input stream from URL!
	at javax.imageio.ImageIO.read(Unknown Source)
	at de.gurkenlabs.litiengine.resources.Images.load(Images.java:49)
	at de.gurkenlabs.litiengine.resources.Images.load(Images.java:12)
	at de.gurkenlabs.litiengine.resources.ResourcesContainer.loadResource(ResourcesContainer.java:389)
	... 4 more
Caused by: java.io.FileNotFoundException: C:\Users\Ricardo\source\repos\lieb-revoice-festival\lieb-revoice-festival\icon.png (O sistema não conseguiu localizar o ficheiro especificado)
	at java.io.FileInputStream.open0(Native Method)
	at java.io.FileInputStream.open(Unknown Source)
	at java.io.FileInputStream.<init>(Unknown Source)
	at java.io.FileInputStream.<init>(Unknown Source)
	at sun.net.www.protocol.file.FileURLConnection.connect(Unknown Source)
	at sun.net.www.protocol.file.FileURLConnection.getInputStream(Unknown Source)
	at java.net.URL.openStream(Unknown Source)
	... 8 more

abr 17, 2020 1:09:23 AM de.gurkenlabs.litiengine.DefaultUncaughtExceptionHandler uncaughtException
SEVERE: Game crashed! :(
de.gurkenlabs.litiengine.resources.ResourceLoadException: javax.imageio.IIOException: Can't get input stream from URL!
	at de.gurkenlabs.litiengine.resources.ResourcesContainer.loadResource(ResourcesContainer.java:391)
	at java.util.concurrent.ConcurrentHashMap.computeIfAbsent(Unknown Source)
	at de.gurkenlabs.litiengine.resources.ResourcesContainer.get(ResourcesContainer.java:273)
	at de.gurkenlabs.litiengine.resources.ResourcesContainer.get(ResourcesContainer.java:207)
	at lieb.revoice.festival.Program.main(Program.java:26)
Caused by: javax.imageio.IIOException: Can't get input stream from URL!
	at javax.imageio.ImageIO.read(Unknown Source)
	at de.gurkenlabs.litiengine.resources.Images.load(Images.java:49)
	at de.gurkenlabs.litiengine.resources.Images.load(Images.java:12)
	at de.gurkenlabs.litiengine.resources.ResourcesContainer.loadResource(ResourcesContainer.java:389)
	... 4 more
Caused by: java.io.FileNotFoundException: C:\Users\Ricardo\source\repos\lieb-revoice-festival\lieb-revoice-festival\icon.png (O sistema não conseguiu localizar o ficheiro especificado)
	at java.io.FileInputStream.open0(Native Method)
	at java.io.FileInputStream.open(Unknown Source)
	at java.io.FileInputStream.<init>(Unknown Source)
	at java.io.FileInputStream.<init>(Unknown Source)
	at sun.net.www.protocol.file.FileURLConnection.connect(Unknown Source)
	at sun.net.www.protocol.file.FileURLConnection.getInputStream(Unknown Source)
	at java.net.URL.openStream(Unknown Source)
	... 8 more

abr 17, 2020 1:16:28 AM de.gurkenlabs.litiengine.DefaultUncaughtExceptionHandler uncaughtException
SEVERE: Game crashed! :(
de.gurkenlabs.litiengine.resources.ResourceLoadException: javax.imageio.IIOException: Can't get input stream from URL!
	at de.gurkenlabs.litiengine.resources.ResourcesContainer.loadResource(ResourcesContainer.java:391)
	at java.util.concurrent.ConcurrentHashMap.computeIfAbsent(Unknown Source)
	at de.gurkenlabs.litiengine.resources.ResourcesContainer.get(ResourcesContainer.java:273)
	at de.gurkenlabs.litiengine.resources.ResourcesContainer.get(ResourcesContainer.java:207)
	at lieb.revoice.festival.Program.main(Program.java:26)
Caused by: javax.imageio.IIOException: Can't get input stream from URL!
	at javax.imageio.ImageIO.read(Unknown Source)
	at de.gurkenlabs.litiengine.resources.Images.load(Images.java:49)
	at de.gurkenlabs.litiengine.resources.Images.load(Images.java:12)
	at de.gurkenlabs.litiengine.resources.ResourcesContainer.loadResource(ResourcesContainer.java:389)
	... 4 more
Caused by: java.io.FileNotFoundException: C:\Users\Ricardo\source\repos\lieb-revoice-festival\lieb-revoice-festival\icon.png (O sistema não conseguiu localizar o ficheiro especificado)
	at java.io.FileInputStream.open0(Native Method)
	at java.io.FileInputStream.open(Unknown Source)
	at java.io.FileInputStream.<init>(Unknown Source)
	at java.io.FileInputStream.<init>(Unknown Source)
	at sun.net.www.protocol.file.FileURLConnection.connect(Unknown Source)
	at sun.net.www.protocol.file.FileURLConnection.getInputStream(Unknown Source)
	at java.net.URL.openStream(Unknown Source)
	... 8 more

abr 17, 2020 1:20:57 AM de.gurkenlabs.litiengine.DefaultUncaughtExceptionHandler uncaughtException
SEVERE: Game crashed! :(
de.gurkenlabs.litiengine.resources.ResourceLoadException: javax.imageio.IIOException: Can't get input stream from URL!
	at de.gurkenlabs.litiengine.resources.ResourcesContainer.loadResource(ResourcesContainer.java:391)
	at java.util.concurrent.ConcurrentHashMap.computeIfAbsent(Unknown Source)
	at de.gurkenlabs.litiengine.resources.ResourcesContainer.get(ResourcesContainer.java:273)
	at de.gurkenlabs.litiengine.resources.ResourcesContainer.get(ResourcesContainer.java:207)
	at lieb.revoice.festival.Program.main(Program.java:26)
Caused by: javax.imageio.IIOException: Can't get input stream from URL!
	at javax.imageio.ImageIO.read(Unknown Source)
	at de.gurkenlabs.litiengine.resources.Images.load(Images.java:49)
	at de.gurkenlabs.litiengine.resources.Images.load(Images.java:12)
	at de.gurkenlabs.litiengine.resources.ResourcesContainer.loadResource(ResourcesContainer.java:389)
	... 4 more
Caused by: java.io.FileNotFoundException: C:\Users\Ricardo\source\repos\lieb-revoice-festival\lieb-revoice-festival\icon (O sistema não conseguiu localizar o ficheiro especificado)
	at java.io.FileInputStream.open0(Native Method)
	at java.io.FileInputStream.open(Unknown Source)
	at java.io.FileInputStream.<init>(Unknown Source)
	at java.io.FileInputStream.<init>(Unknown Source)
	at sun.net.www.protocol.file.FileURLConnection.connect(Unknown Source)
	at sun.net.www.protocol.file.FileURLConnection.getInputStream(Unknown Source)
	at java.net.URL.openStream(Unknown Source)
	... 8 more

